
SQL*Loader: Release 19.0.0.0.0 - Production on Sun Feb 11 12:22:30 2024
Version 19.19.0.0.0

Copyright (c) 1982, 2023, Oracle and/or its affiliates.  All rights reserved.

Control File:   /var/www/dwo2/storage/app/public/etc/zipupdate/zipupdate.ctl
Character Set JA16SJIS specified for all input.

Data File:      /var/www/dwo2/storage/app/public/tmp/KEN_ALL.CSV
  Bad File:     /var/www/dwo2/storage/app/public/log/zipupdate/load_bad.log
  Discard File:  none specified
 
 (Allow all discards)

Number to load: ALL
Number to skip: 0
Errors allowed: 50
Bind array:     250 rows, maximum of 1048576 bytes
Continuation:    none specified
Path used:      Conventional

Table ZIP_MT, loaded from every logical record.
Insert option in effect for this table: TRUNCATE
TRAILING NULLCOLS option in effect

   Column Name                  Position   Len  Term Encl Datatype
------------------------------ ---------- ----- ---- ---- ---------------------
JISCODE                             FIRST     *   ,  O(") CHARACTER            
  (FILLER FIELD)
ZIP5                                 NEXT     *   ,  O(") CHARACTER            
  (FILLER FIELD)
ZIP_CODE                             NEXT     *   ,  O(") CHARACTER            
ZIP_PREF_KANA                        NEXT     *   ,  O(") CHARACTER            
ZIP_CITY_KANA                        NEXT     *   ,  O(") CHARACTER            
ZIP_TOWN_KANA                        NEXT     *   ,  O(") CHARACTER            
ZIP_PREF                             NEXT     *   ,  O(") CHARACTER            
ZIP_CITY                             NEXT     *   ,  O(") CHARACTER            
ZIP_TOWN                             NEXT     *   ,  O(") CHARACTER            


Table ZIP_MT:
  124675 Rows successfully loaded.
  0 Rows not loaded due to data errors.
  0 Rows not loaded because all WHEN clauses were failed.
  0 Rows not loaded because all fields were null.


Space allocated for bind array:                 451500 bytes(250 rows)
Read   buffer bytes: 1048576

Total logical records skipped:          0
Total logical records read:        124675
Total logical records rejected:         0
Total logical records discarded:        0

Run began on Sun Feb 11 12:22:30 2024
Run ended on Sun Feb 11 12:22:38 2024

Elapsed time was:     00:00:08.84
CPU time was:         00:00:01.06
